<?xml version="1.0" encoding="UTF-8"?>
<!-- Generated by org.testng.reporters.JUnitXMLReporter -->
<testsuite ignored="0" hostname="LAPTOP-Q3C0R1EQ" failures="0" tests="9" name="Test" time="0.067" errors="0" timestamp="2022-11-05T08:22:44 IST">
  <testcase classname="Batch_Execution.Z2" name="v4" time="0.012"/>
  <testcase classname="Batch_Execution.Z2" name="v5" time="0.001"/>
  <testcase classname="Batch_Execution.Z2" name="v6" time="0.001"/>
  <testcase classname="Batch_Execution.Z1" name="v1" time="0.0"/>
  <testcase classname="Batch_Execution.Z1" name="v2" time="0.001"/>
  <testcase classname="Batch_Execution.Z1" name="v3" time="0.001"/>
  <testcase classname="Batch_Execution.Z3" name="v7" time="0.001"/>
  <testcase classname="Batch_Execution.Z3" name="v8" time="0.001"/>
  <testcase classname="Batch_Execution.Z3" name="v9" time="0.001"/>
</testsuite> <!-- Test -->
