<?xml version="1.0" encoding="UTF-8"?>
<testng-results ignored="0" total="3" passed="3" failed="0" skipped="0">
  <reporter-output>
  </reporter-output>
  <suite started-at="2022-11-05T16:06:29 IST" name="Suite" finished-at="2022-11-05T16:06:37 IST" duration-ms="8057">
    <groups>
    </groups>
    <test started-at="2022-11-05T16:06:29 IST" name="Test3" finished-at="2022-11-05T16:06:32 IST" duration-ms="3154">
      <class name="MulitBrowsing.A">
        <test-method signature="m1(java.lang.String)[pri:0, instance:MulitBrowsing.A@16293aa2]" started-at="2022-11-05T16:06:29 IST" name="m1" finished-at="2022-11-05T16:06:32 IST" duration-ms="3111" status="PASS">
          <params>
            <param index="0">
              <value>
                <![CDATA[edge]]>
              </value>
            </param>
          </params>
          <reporter-output>
          </reporter-output>
        </test-method> <!-- m1 -->
      </class> <!-- MulitBrowsing.A -->
    </test> <!-- Test3 -->
    <test started-at="2022-11-05T16:06:29 IST" name="Test2" finished-at="2022-11-05T16:06:36 IST" duration-ms="7070">
      <class name="MulitBrowsing.A">
        <test-method signature="m1(java.lang.String)[pri:0, instance:MulitBrowsing.A@245b4bdc]" started-at="2022-11-05T16:06:29 IST" name="m1" finished-at="2022-11-05T16:06:36 IST" duration-ms="7034" status="PASS">
          <params>
            <param index="0">
              <value>
                <![CDATA[firefox]]>
              </value>
            </param>
          </params>
          <reporter-output>
          </reporter-output>
        </test-method> <!-- m1 -->
      </class> <!-- MulitBrowsing.A -->
    </test> <!-- Test2 -->
    <test started-at="2022-11-05T16:06:29 IST" name="Test1" finished-at="2022-11-05T16:06:37 IST" duration-ms="8057">
      <class name="MulitBrowsing.A">
        <test-method signature="m1(java.lang.String)[pri:0, instance:MulitBrowsing.A@7193666c]" started-at="2022-11-05T16:06:29 IST" name="m1" finished-at="2022-11-05T16:06:37 IST" duration-ms="8023" status="PASS">
          <params>
            <param index="0">
              <value>
                <![CDATA[chrome]]>
              </value>
            </param>
          </params>
          <reporter-output>
          </reporter-output>
        </test-method> <!-- m1 -->
      </class> <!-- MulitBrowsing.A -->
    </test> <!-- Test1 -->
  </suite> <!-- Suite -->
</testng-results>
